
==============================================

!Sat Apr 17 22:15:13 AEST 2021

Processing file BackEnd/Consumer.msgflow.
Successfully added file BackEnd/Consumer.msgflow to BAR file.

==============================================

!Sat Apr 17 22:15:13 AEST 2021

Processing file BackEnd/Consumer_Compute.esql.
Successfully added file BackEnd/Consumer_Compute.esql to BAR file.

==============================================

!Sat Apr 17 22:15:13 AEST 2021

Processing file BackEnd/application.descriptor.
Successfully added file BackEnd/application.descriptor to BAR file.
Elapsed time: 0 second(s).

Successfully added file BackEnd/application.descriptor to BAR file.

==============================================

!Sat Apr 17 22:15:13 AEST 2021

Processing file BackEnd/application.descriptor.
Successfully added file BackEnd/application.descriptor to BAR file.
Elapsed time: 0 second(s).

Successfully added file BackEnd/application.descriptor to BAR file.

