
==============================================

!Sat Apr 17 20:36:29 AEST 2021

Processing file Customer/gen/Customer.msgflow.
Successfully added file Customer/gen/Customer.msgflow to BAR file.

==============================================

!Sat Apr 17 20:36:29 AEST 2021

Processing file Customer/CustomerInputCatchHandler.subflow.
Successfully added file Customer/CustomerInputCatchHandler.subflow to BAR file.

==============================================

!Sat Apr 17 20:36:29 AEST 2021

Processing file Customer/getAllCustomers.subflow.
Successfully added file Customer/getAllCustomers.subflow to BAR file.

==============================================

!Sat Apr 17 20:36:29 AEST 2021

Processing file Customer/getAllCustomers_Compute.esql.
Successfully added file Customer/getAllCustomers_Compute.esql to BAR file.

==============================================

!Sat Apr 17 20:36:29 AEST 2021

Processing file Customer/getAllCustomers_Compute1.esql.
Successfully added file Customer/getAllCustomers_Compute1.esql to BAR file.

==============================================

!Sat Apr 17 20:36:29 AEST 2021

Processing file Customer/getAllCustomers_Mapping.map.
Successfully added file Customer/getAllCustomers_Mapping.map to BAR file.

==============================================

!Sat Apr 17 20:36:29 AEST 2021

Processing file Customer/getCustomer.subflow.
Successfully added file Customer/getCustomer.subflow to BAR file.

==============================================

!Sat Apr 17 20:36:29 AEST 2021

Processing file Customer/getCustomer_Compute.esql.
Successfully added file Customer/getCustomer_Compute.esql to BAR file.

==============================================

!Sat Apr 17 20:36:29 AEST 2021

Processing file Customer/getCustomer_Mapping.map.
Successfully added file Customer/getCustomer_Mapping.map to BAR file.

==============================================

!Sat Apr 17 20:36:29 AEST 2021

Processing file Customer/restapi.descriptor.
Successfully added file Customer/restapi.descriptor to BAR file.
Elapsed time: 0 second(s).

Successfully added file Customer/restapi.descriptor to BAR file.

==============================================

!Sat Apr 17 20:36:29 AEST 2021

Processing file Customer/restapi.descriptor.
Successfully added file Customer/restapi.descriptor to BAR file.
Elapsed time: 0.001 second(s).

Successfully added file Customer/restapi.descriptor to BAR file.

==============================================

!Sat Apr 17 20:36:29 AEST 2021

Processing file Customer/swagger.json.
Successfully added file Customer/swagger.json to BAR file.
Elapsed time: 0 second(s).

Successfully added file Customer/swagger.json to BAR file.

